빌드 시작: 2019-04-13 오후 8:03:51
     1>2 노드의 "C:\Users\JunY\Documents\Visual Studio 2010\Projects\Week6_Day0_CH5\Week6_Day0_CH5\Week6_Day0_CH5.vcxproj" 프로젝트(build 대상)입니다.
     1>PrepareForBuild:
         "C:\Users\JunY\Documents\Visual Studio 2010\Projects\Week6_Day0_CH5\Debug\" 디렉터리를 만들고 있습니다.
       InitializeBuildStatus:
         "AlwaysCreate"이(가) 지정되었기 때문에 "Debug\Week6_Day0_CH5.unsuccessfulbuild"을(를) 만들고 있습니다.
       ClCompile:
         c:\Program Files (x86)\Microsoft Visual Studio 10.0\VC\bin\CL.exe /c /ZI /nologo /W3 /WX- /Od /Oy- /D WIN32 /D _DEBUG /D _CONSOLE /D _UNICODE /D UNICODE /Gm /EHsc /RTC1 /MDd /GS /fp:precise /Zc:wchar_t /Zc:forScope /Fo"Debug\\" /Fd"Debug\vc100.pdb" /Gd /TP /analyze- /errorReport:prompt "ex000_값또는주소에의한호출.cpp" "ex001_참조변수.cpp" "ex002_참조에의한호출.cpp" ex003_string.cpp
         ex003_string.cpp
     1>c:\users\juny\documents\visual studio 2010\projects\week6_day0_ch5\week6_day0_ch5\ex003_string.cpp(22): warning C4996: 'strcpy': This function or variable may be unsafe. Consider using strcpy_s instead. To disable deprecation, use _CRT_SECURE_NO_WARNINGS. See online help for details.
                 c:\program files (x86)\microsoft visual studio 10.0\vc\include\string.h(105) : 'strcpy' 선언을 참조하십시오.
     1>c:\users\juny\documents\visual studio 2010\projects\week6_day0_ch5\week6_day0_ch5\ex003_string.cpp(33): warning C4996: 'strcpy': This function or variable may be unsafe. Consider using strcpy_s instead. To disable deprecation, use _CRT_SECURE_NO_WARNINGS. See online help for details.
                 c:\program files (x86)\microsoft visual studio 10.0\vc\include\string.h(105) : 'strcpy' 선언을 참조하십시오.
         ex002_참조에의한호출.cpp
         ex001_참조변수.cpp
         ex000_값또는주소에의한호출.cpp
         코드를 생성하고 있습니다...
       ManifestResourceCompile:
         c:\Program Files (x86)\Microsoft SDKs\Windows\v7.0A\bin\rc.exe /nologo /fo"Debug\Week6_Day0_CH5.exe.embed.manifest.res" Debug\Week6_Day0_CH5_manifest.rc 
       Link:
         c:\Program Files (x86)\Microsoft Visual Studio 10.0\VC\bin\link.exe /ERRORREPORT:PROMPT /OUT:"C:\Users\JunY\Documents\Visual Studio 2010\Projects\Week6_Day0_CH5\Debug\Week6_Day0_CH5.exe" /INCREMENTAL /NOLOGO kernel32.lib user32.lib gdi32.lib winspool.lib comdlg32.lib advapi32.lib shell32.lib ole32.lib oleaut32.lib uuid.lib odbc32.lib odbccp32.lib /MANIFEST /ManifestFile:"Debug\Week6_Day0_CH5.exe.intermediate.manifest" /MANIFESTUAC:"level='asInvoker' uiAccess='false'" /DEBUG /PDB:"C:\Users\JunY\Documents\Visual Studio 2010\Projects\Week6_Day0_CH5\Debug\Week6_Day0_CH5.pdb" /SUBSYSTEM:CONSOLE /TLBID:1 /DYNAMICBASE /NXCOMPAT /IMPLIB:"C:\Users\JunY\Documents\Visual Studio 2010\Projects\Week6_Day0_CH5\Debug\Week6_Day0_CH5.lib" /MACHINE:X86 Debug\Week6_Day0_CH5.exe.embed.manifest.res
         "Debug\ex000_값또는주소에의한호출.obj"
         "Debug\ex001_참조변수.obj"
         "Debug\ex002_참조에의한호출.obj"
         Debug\ex003_string.obj
       Manifest:
         c:\Program Files (x86)\Microsoft SDKs\Windows\v7.0A\bin\mt.exe /nologo /verbose /out:"Debug\Week6_Day0_CH5.exe.embed.manifest" /manifest Debug\Week6_Day0_CH5.exe.intermediate.manifest
         c:\Program Files (x86)\Microsoft SDKs\Windows\v7.0A\bin\rc.exe /nologo /fo"Debug\Week6_Day0_CH5.exe.embed.manifest.res" Debug\Week6_Day0_CH5_manifest.rc 
       LinkEmbedManifest:
         c:\Program Files (x86)\Microsoft Visual Studio 10.0\VC\bin\link.exe /ERRORREPORT:PROMPT /OUT:"C:\Users\JunY\Documents\Visual Studio 2010\Projects\Week6_Day0_CH5\Debug\Week6_Day0_CH5.exe" /INCREMENTAL /NOLOGO kernel32.lib user32.lib gdi32.lib winspool.lib comdlg32.lib advapi32.lib shell32.lib ole32.lib oleaut32.lib uuid.lib odbc32.lib odbccp32.lib /MANIFEST /ManifestFile:"Debug\Week6_Day0_CH5.exe.intermediate.manifest" /MANIFESTUAC:"level='asInvoker' uiAccess='false'" /DEBUG /PDB:"C:\Users\JunY\Documents\Visual Studio 2010\Projects\Week6_Day0_CH5\Debug\Week6_Day0_CH5.pdb" /SUBSYSTEM:CONSOLE /TLBID:1 /DYNAMICBASE /NXCOMPAT /IMPLIB:"C:\Users\JunY\Documents\Visual Studio 2010\Projects\Week6_Day0_CH5\Debug\Week6_Day0_CH5.lib" /MACHINE:X86 Debug\Week6_Day0_CH5.exe.embed.manifest.res
         "Debug\ex000_값또는주소에의한호출.obj"
         "Debug\ex001_참조변수.obj"
         "Debug\ex002_참조에의한호출.obj"
         Debug\ex003_string.obj
         Week6_Day0_CH5.vcxproj -> C:\Users\JunY\Documents\Visual Studio 2010\Projects\Week6_Day0_CH5\Debug\Week6_Day0_CH5.exe
       FinalizeBuildStatus:
         "Debug\Week6_Day0_CH5.unsuccessfulbuild" 파일을 삭제하고 있습니다.
         "Debug\Week6_Day0_CH5.lastbuildstate"에 연결(touching)하고 있습니다.
     1>"C:\Users\JunY\Documents\Visual Studio 2010\Projects\Week6_Day0_CH5\Week6_Day0_CH5\Week6_Day0_CH5.vcxproj" 프로젝트를 빌드했습니다(build 대상).

빌드했습니다.

경과 시간: 00:00:05.19
