빌드 시작: 2019-03-25 오후 2:51:14
     1>2 노드의 "C:\Users\JunY\Documents\Visual Studio 2010\Projects\Week3_Day1\Week3_Day1\Week3_Day1.vcxproj" 프로젝트(build 대상)입니다.
     1>InitializeBuildStatus:
         "Debug\Week3_Day1.unsuccessfulbuild"에 연결(touching)하고 있습니다.
       ClCompile:
         c:\Program Files (x86)\Microsoft Visual Studio 10.0\VC\bin\CL.exe /c /ZI /nologo /W3 /WX- /Od /Oy- /D WIN32 /D _DEBUG /D _CONSOLE /D _UNICODE /D UNICODE /Gm /EHsc /RTC1 /MDd /GS /fp:precise /Zc:wchar_t /Zc:forScope /Fo"Debug\\" /Fd"Debug\vc100.pdb" /Gd /TP /analyze- /errorReport:prompt Circle.cpp Circle.h
         Circle.h
     1>c:\users\juny\documents\visual studio 2010\projects\week3_day1\week3_day1\circle.h(22): warning C4244: 'return' : 'int'에서 'float'(으)로 변환하면서 데이터가 손실될 수 있습니다.
     1>c:\users\juny\documents\visual studio 2010\projects\week3_day1\week3_day1\circle.h(23): warning C4244: 'return' : 'int'에서 'float'(으)로 변환하면서 데이터가 손실될 수 있습니다.
         Circle.cpp
     1>c:\users\juny\documents\visual studio 2010\projects\week3_day1\week3_day1\circle.h(22): warning C4244: 'return' : 'int'에서 'float'(으)로 변환하면서 데이터가 손실될 수 있습니다.
     1>c:\users\juny\documents\visual studio 2010\projects\week3_day1\week3_day1\circle.h(23): warning C4244: 'return' : 'int'에서 'float'(으)로 변환하면서 데이터가 손실될 수 있습니다.
         코드를 생성하고 있습니다...
       ManifestResourceCompile:
         모든 출력이 최신 상태입니다.
       Link:
         c:\Program Files (x86)\Microsoft Visual Studio 10.0\VC\bin\link.exe /ERRORREPORT:PROMPT /OUT:"C:\Users\JunY\Documents\Visual Studio 2010\Projects\Week3_Day1\Debug\Week3_Day1.exe" /INCREMENTAL /NOLOGO kernel32.lib user32.lib gdi32.lib winspool.lib comdlg32.lib advapi32.lib shell32.lib ole32.lib oleaut32.lib uuid.lib odbc32.lib odbccp32.lib /MANIFEST /ManifestFile:"Debug\Week3_Day1.exe.intermediate.manifest" /MANIFESTUAC:"level='asInvoker' uiAccess='false'" /DEBUG /PDB:"C:\Users\JunY\Documents\Visual Studio 2010\Projects\Week3_Day1\Debug\Week3_Day1.pdb" /SUBSYSTEM:CONSOLE /TLBID:1 /DYNAMICBASE /NXCOMPAT /IMPLIB:"C:\Users\JunY\Documents\Visual Studio 2010\Projects\Week3_Day1\Debug\Week3_Day1.lib" /MACHINE:X86 Debug\Week3_Day1.exe.embed.manifest.res
         Debug\Circle.obj
         Debug\Circle.obj
         Debug\ex03.obj
     1>Debug\Circle.obj : warning LNK4042: 개체가 두 번 이상 지정되었습니다. 나머지는 무시됩니다.
     1>ex03.obj : error LNK2019: "public: __thiscall Circle::~Circle(void)" (??1Circle@@QAE@XZ) 외부 기호(참조 위치: "void __cdecl func(void)" (?func@@YAXXZ) 함수)에서 확인하지 못했습니다.
     1>ex03.obj : error LNK2019: "public: __thiscall Circle::Circle(void)" (??0Circle@@QAE@XZ) 외부 기호(참조 위치: "void __cdecl func(void)" (?func@@YAXXZ) 함수)에서 확인하지 못했습니다.
     1>ex03.obj : error LNK2019: "public: void __thiscall Circle::draw(void)" (?draw@Circle@@QAEXXZ) 외부 기호(참조 위치: _main 함수)에서 확인하지 못했습니다.
     1>ex03.obj : error LNK2019: "public: __thiscall Circle::Circle(int,int,float)" (??0Circle@@QAE@HHM@Z) 외부 기호(참조 위치: _main 함수)에서 확인하지 못했습니다.
     1>C:\Users\JunY\Documents\Visual Studio 2010\Projects\Week3_Day1\Debug\Week3_Day1.exe : fatal error LNK1120: 4개의 확인할 수 없는 외부 참조입니다.
     1>"C:\Users\JunY\Documents\Visual Studio 2010\Projects\Week3_Day1\Week3_Day1\Week3_Day1.vcxproj" 프로젝트를 빌드했습니다(build 대상). - 실패

빌드하지 못했습니다.

경과 시간: 00:00:01.57
