빌드 시작: 2019-03-30 오후 9:45:28
     1>2 노드의 "C:\Users\JunY\Documents\Visual Studio 2010\Projects\C++_ParkSangIL_HW\HomeWork_2\HomeWork_2\HomeWork_2.vcxproj" 프로젝트(build 대상)입니다.
     1>InitializeBuildStatus:
         "AlwaysCreate"이(가) 지정되었기 때문에 "Debug\HomeWork_2.unsuccessfulbuild"을(를) 만들고 있습니다.
       ClCompile:
         c:\Program Files (x86)\Microsoft Visual Studio 10.0\VC\bin\CL.exe /c /ZI /nologo /W3 /WX- /Od /Oy- /D WIN32 /D _DEBUG /D _CONSOLE /D _UNICODE /D UNICODE /Gm /EHsc /RTC1 /MDd /GS /fp:precise /Zc:wchar_t /Zc:forScope /Fo"Debug\\" /Fd"Debug\vc100.pdb" /Gd /TP /analyze- /errorReport:prompt 2.cpp
         2.cpp
       ManifestResourceCompile:
         모든 출력이 최신 상태입니다.
       Link:
         c:\Program Files (x86)\Microsoft Visual Studio 10.0\VC\bin\link.exe /ERRORREPORT:PROMPT /OUT:"C:\Users\JunY\Documents\Visual Studio 2010\Projects\C++_ParkSangIL_HW\HomeWork_2\Debug\HomeWork_2.exe" /INCREMENTAL /NOLOGO kernel32.lib user32.lib gdi32.lib winspool.lib comdlg32.lib advapi32.lib shell32.lib ole32.lib oleaut32.lib uuid.lib odbc32.lib odbccp32.lib /MANIFEST /ManifestFile:"Debug\HomeWork_2.exe.intermediate.manifest" /MANIFESTUAC:"level='asInvoker' uiAccess='false'" /DEBUG /PDB:"C:\Users\JunY\Documents\Visual Studio 2010\Projects\C++_ParkSangIL_HW\HomeWork_2\Debug\HomeWork_2.pdb" /SUBSYSTEM:CONSOLE /TLBID:1 /DYNAMICBASE /NXCOMPAT /IMPLIB:"C:\Users\JunY\Documents\Visual Studio 2010\Projects\C++_ParkSangIL_HW\HomeWork_2\Debug\HomeWork_2.lib" /MACHINE:X86 Debug\HomeWork_2.exe.embed.manifest.res
         Debug\2.obj
         Debug\Date.obj
         Debug\Date_main.obj
       Manifest:
         c:\Program Files (x86)\Microsoft SDKs\Windows\v7.0A\bin\mt.exe /nologo /verbose /out:"Debug\HomeWork_2.exe.embed.manifest" /manifest Debug\HomeWork_2.exe.intermediate.manifest
         모든 출력이 최신 상태입니다.
       LinkEmbedManifest:
         모든 출력이 최신 상태입니다.
         HomeWork_2.vcxproj -> C:\Users\JunY\Documents\Visual Studio 2010\Projects\C++_ParkSangIL_HW\HomeWork_2\Debug\HomeWork_2.exe
       FinalizeBuildStatus:
         "Debug\HomeWork_2.unsuccessfulbuild" 파일을 삭제하고 있습니다.
         "Debug\HomeWork_2.lastbuildstate"에 연결(touching)하고 있습니다.
     1>"C:\Users\JunY\Documents\Visual Studio 2010\Projects\C++_ParkSangIL_HW\HomeWork_2\HomeWork_2\HomeWork_2.vcxproj" 프로젝트를 빌드했습니다(build 대상).

빌드했습니다.

경과 시간: 00:00:02.53
