빌드 시작: 2019-05-05 오후 7:13:02
     1>2 노드의 "C:\Users\JunY\Documents\Visual Studio 2010\Projects\Week9_Day2\Week9_Day2\Week9_Day2.vcxproj" 프로젝트(build 대상)입니다.
     1>InitializeBuildStatus:
         "AlwaysCreate"이(가) 지정되었기 때문에 "Debug\Week9_Day2.unsuccessfulbuild"을(를) 만들고 있습니다.
       ClCompile:
         c:\Program Files (x86)\Microsoft Visual Studio 10.0\VC\bin\CL.exe /c /ZI /nologo /W3 /WX- /Od /Oy- /D WIN32 /D _DEBUG /D _CONSOLE /D _UNICODE /D UNICODE /Gm /EHsc /RTC1 /MDd /GS /fp:precise /Zc:wchar_t /Zc:forScope /Fo"Debug\\" /Fd"Debug\vc100.pdb" /Gd /TP /analyze- /errorReport:prompt ex02.cpp
         ex02.cpp
     1>c:\users\juny\documents\visual studio 2010\projects\week9_day2\week9_day2\ex02.cpp(121): warning C4244: '=' : 'float'에서 'int'(으)로 변환하면서 데이터가 손실될 수 있습니다.
       ManifestResourceCompile:
         모든 출력이 최신 상태입니다.
       Link:
         c:\Program Files (x86)\Microsoft Visual Studio 10.0\VC\bin\link.exe /ERRORREPORT:PROMPT /OUT:"C:\Users\JunY\Documents\Visual Studio 2010\Projects\Week9_Day2\Debug\Week9_Day2.exe" /INCREMENTAL /NOLOGO kernel32.lib user32.lib gdi32.lib winspool.lib comdlg32.lib advapi32.lib shell32.lib ole32.lib oleaut32.lib uuid.lib odbc32.lib odbccp32.lib /MANIFEST /ManifestFile:"Debug\Week9_Day2.exe.intermediate.manifest" /MANIFESTUAC:"level='asInvoker' uiAccess='false'" /DEBUG /PDB:"C:\Users\JunY\Documents\Visual Studio 2010\Projects\Week9_Day2\Debug\Week9_Day2.pdb" /SUBSYSTEM:CONSOLE /TLBID:1 /DYNAMICBASE /NXCOMPAT /IMPLIB:"C:\Users\JunY\Documents\Visual Studio 2010\Projects\Week9_Day2\Debug\Week9_Day2.lib" /MACHINE:X86 Debug\Week9_Day2.exe.embed.manifest.res
         Debug\ex01.obj
         Debug\ex02.obj
         "Debug\ex03_STL사용예시.obj"
       Manifest:
         c:\Program Files (x86)\Microsoft SDKs\Windows\v7.0A\bin\mt.exe /nologo /verbose /out:"Debug\Week9_Day2.exe.embed.manifest" /manifest Debug\Week9_Day2.exe.intermediate.manifest
         모든 출력이 최신 상태입니다.
       LinkEmbedManifest:
         모든 출력이 최신 상태입니다.
         Week9_Day2.vcxproj -> C:\Users\JunY\Documents\Visual Studio 2010\Projects\Week9_Day2\Debug\Week9_Day2.exe
       FinalizeBuildStatus:
         "Debug\Week9_Day2.unsuccessfulbuild" 파일을 삭제하고 있습니다.
         "Debug\Week9_Day2.lastbuildstate"에 연결(touching)하고 있습니다.
     1>"C:\Users\JunY\Documents\Visual Studio 2010\Projects\Week9_Day2\Week9_Day2\Week9_Day2.vcxproj" 프로젝트를 빌드했습니다(build 대상).

빌드했습니다.

경과 시간: 00:00:01.81
