빌드 시작: 2019-05-05 오후 7:51:30
     1>2 노드의 "C:\Users\JunY\Documents\Visual Studio 2010\Projects\Week9_Day1\Week9_Day1\Week9_Day1.vcxproj" 프로젝트(build 대상)입니다.
     1>InitializeBuildStatus:
         "Debug\Week9_Day1.unsuccessfulbuild"에 연결(touching)하고 있습니다.
       ClCompile:
         c:\Program Files (x86)\Microsoft Visual Studio 10.0\VC\bin\CL.exe /c /ZI /nologo /W3 /WX- /Od /Oy- /D WIN32 /D _DEBUG /D _CONSOLE /D _UNICODE /D UNICODE /Gm /EHsc /RTC1 /MDd /GS /fp:precise /Zc:wchar_t /Zc:forScope /Fo"Debug\\" /Fd"Debug\vc100.pdb" /Gd /TP /analyze- /errorReport:prompt "ex00_오버로딩과_오버라이딩.cpp"
         ex00_오버로딩과_오버라이딩.cpp
       ManifestResourceCompile:
         모든 출력이 최신 상태입니다.
       Link:
         c:\Program Files (x86)\Microsoft Visual Studio 10.0\VC\bin\link.exe /ERRORREPORT:PROMPT /OUT:"C:\Users\JunY\Documents\Visual Studio 2010\Projects\Week9_Day1\Debug\Week9_Day1.exe" /INCREMENTAL /NOLOGO kernel32.lib user32.lib gdi32.lib winspool.lib comdlg32.lib advapi32.lib shell32.lib ole32.lib oleaut32.lib uuid.lib odbc32.lib odbccp32.lib /MANIFEST /ManifestFile:"Debug\Week9_Day1.exe.intermediate.manifest" /MANIFESTUAC:"level='asInvoker' uiAccess='false'" /DEBUG /PDB:"C:\Users\JunY\Documents\Visual Studio 2010\Projects\Week9_Day1\Debug\Week9_Day1.pdb" /SUBSYSTEM:CONSOLE /TLBID:1 /DYNAMICBASE /NXCOMPAT /IMPLIB:"C:\Users\JunY\Documents\Visual Studio 2010\Projects\Week9_Day1\Debug\Week9_Day1.lib" /MACHINE:X86 Debug\Week9_Day1.exe.embed.manifest.res
         "Debug\ex00_오버로딩과_오버라이딩.obj"
         Debug\ex01_review.obj
         "Debug\ex02_상속_상향형_하향형_변환.obj"
         "Debug\ex03_상속_binding.obj"
       Manifest:
         c:\Program Files (x86)\Microsoft SDKs\Windows\v7.0A\bin\mt.exe /nologo /verbose /out:"Debug\Week9_Day1.exe.embed.manifest" /manifest Debug\Week9_Day1.exe.intermediate.manifest
         모든 출력이 최신 상태입니다.
       LinkEmbedManifest:
         모든 출력이 최신 상태입니다.
         Week9_Day1.vcxproj -> C:\Users\JunY\Documents\Visual Studio 2010\Projects\Week9_Day1\Debug\Week9_Day1.exe
       FinalizeBuildStatus:
         "Debug\Week9_Day1.unsuccessfulbuild" 파일을 삭제하고 있습니다.
         "Debug\Week9_Day1.lastbuildstate"에 연결(touching)하고 있습니다.
     1>"C:\Users\JunY\Documents\Visual Studio 2010\Projects\Week9_Day1\Week9_Day1\Week9_Day1.vcxproj" 프로젝트를 빌드했습니다(build 대상).

빌드했습니다.

경과 시간: 00:00:02.22
