빌드 시작: 2019-05-19 오전 2:00:14
     1>2 노드의 "C:\Users\JunY\Documents\Visual Studio 2010\Projects\Week2\Week1\Week1.vcxproj" 프로젝트(build 대상)입니다.
     1>InitializeBuildStatus:
         "Debug\Week1.unsuccessfulbuild"에 연결(touching)하고 있습니다.
       ClCompile:
         c:\Program Files (x86)\Microsoft Visual Studio 10.0\VC\bin\CL.exe /c /ZI /nologo /W3 /WX- /Od /Oy- /D WIN32 /D _DEBUG /D _CONSOLE /D _UNICODE /D UNICODE /Gm /EHsc /RTC1 /MDd /GS /fp:precise /Zc:wchar_t /Zc:forScope /Fo"Debug\\" /Fd"Debug\vc100.pdb" /Gd /TP /analyze- /errorReport:prompt Day2_1_using_printf.cpp Day2_2_cout.cpp Day2_3_StringTest.cpp
         Day2_3_StringTest.cpp
     1>c:\users\juny\documents\visual studio 2010\projects\week2\week1\day2_3_stringtest.cpp(42): error C2679: 이항 '<<' : 오른쪽 피연산자로 'std::string' 형식을 사용하는 연산자가 없거나 허용되는 변환이 없습니다.
                 c:\program files (x86)\microsoft visual studio 10.0\vc\include\ostream(679): 'std::basic_ostream<_Elem,_Traits> &std::operator <<<char,std::char_traits<char>>(std::basic_ostream<_Elem,_Traits> &,const char *)'일 수 있습니다.
                 with
                 [
                     _Elem=char,
                     _Traits=std::char_traits<char>
                 ]
                 c:\program files (x86)\microsoft visual studio 10.0\vc\include\ostream(726): 또는       'std::basic_ostream<_Elem,_Traits> &std::operator <<<char,std::char_traits<char>>(std::basic_ostream<_Elem,_Traits> &,char)'
                 with
                 [
                     _Elem=char,
                     _Traits=std::char_traits<char>
                 ]
                 c:\program files (x86)\microsoft visual studio 10.0\vc\include\ostream(764): 또는       'std::basic_ostream<_Elem,_Traits> &std::operator <<<std::char_traits<char>>(std::basic_ostream<_Elem,_Traits> &,const char *)'
                 with
                 [
                     _Elem=char,
                     _Traits=std::char_traits<char>
                 ]
                 c:\program files (x86)\microsoft visual studio 10.0\vc\include\ostream(811): 또는       'std::basic_ostream<_Elem,_Traits> &std::operator <<<std::char_traits<char>>(std::basic_ostream<_Elem,_Traits> &,char)'
                 with
                 [
                     _Elem=char,
                     _Traits=std::char_traits<char>
                 ]
                 c:\program files (x86)\microsoft visual studio 10.0\vc\include\ostream(937): 또는       'std::basic_ostream<_Elem,_Traits> &std::operator <<<std::char_traits<char>>(std::basic_ostream<_Elem,_Traits> &,const signed char *)'
                 with
                 [
                     _Elem=char,
                     _Traits=std::char_traits<char>
                 ]
                 c:\program files (x86)\microsoft visual studio 10.0\vc\include\ostream(944): 또는       'std::basic_ostream<_Elem,_Traits> &std::operator <<<std::char_traits<char>>(std::basic_ostream<_Elem,_Traits> &,signed char)'
                 with
                 [
                     _Elem=char,
                     _Traits=std::char_traits<char>
                 ]
                 c:\program files (x86)\microsoft visual studio 10.0\vc\include\ostream(951): 또는       'std::basic_ostream<_Elem,_Traits> &std::operator <<<std::char_traits<char>>(std::basic_ostream<_Elem,_Traits> &,const unsigned char *)'
                 with
                 [
                     _Elem=char,
                     _Traits=std::char_traits<char>
                 ]
                 c:\program files (x86)\microsoft visual studio 10.0\vc\include\ostream(958): 또는       'std::basic_ostream<_Elem,_Traits> &std::operator <<<std::char_traits<char>>(std::basic_ostream<_Elem,_Traits> &,unsigned char)'
                 with
                 [
                     _Elem=char,
                     _Traits=std::char_traits<char>
                 ]
                 c:\program files (x86)\microsoft visual studio 10.0\vc\include\ostream(968): 또는       'std::basic_ostream<_Elem,_Traits> &std::operator <<<char,std::char_traits<char>,std::string>(std::basic_ostream<_Elem,_Traits> &&,_Ty)'
                 with
                 [
                     _Elem=char,
                     _Traits=std::char_traits<char>,
                     _Ty=std::string
                 ]
                 c:\program files (x86)\microsoft visual studio 10.0\vc\include\ostream(1085): 또는       'std::basic_ostream<_Elem,_Traits> &std::operator <<<char,std::char_traits<char>>(std::basic_ostream<_Elem,_Traits> &,const std::error_code &)'
                 with
                 [
                     _Elem=char,
                     _Traits=std::char_traits<char>
                 ]
                 c:\program files (x86)\microsoft visual studio 10.0\vc\include\ostream(186): 또는       'std::basic_ostream<_Elem,_Traits> &std::basic_ostream<_Elem,_Traits>::operator <<(std::basic_ostream<_Elem,_Traits> &(__cdecl *)(std::basic_ostream<_Elem,_Traits> &))'
                 with
                 [
                     _Elem=char,
                     _Traits=std::char_traits<char>
                 ]
                 c:\program files (x86)\microsoft visual studio 10.0\vc\include\ostream(192): 또는       'std::basic_ostream<_Elem,_Traits> &std::basic_ostream<_Elem,_Traits>::operator <<(std::basic_ios<_Elem,_Traits> &(__cdecl *)(std::basic_ios<_Elem,_Traits> &))'
                 with
                 [
                     _Elem=char,
                     _Traits=std::char_traits<char>
                 ]
                 c:\program files (x86)\microsoft visual studio 10.0\vc\include\ostream(199): 또는       'std::basic_ostream<_Elem,_Traits> &std::basic_ostream<_Elem,_Traits>::operator <<(std::ios_base &(__cdecl *)(std::ios_base &))'
                 with
                 [
                     _Elem=char,
                     _Traits=std::char_traits<char>
                 ]
                 c:\program files (x86)\microsoft visual studio 10.0\vc\include\ostream(206): 또는       'std::basic_ostream<_Elem,_Traits> &std::basic_ostream<_Elem,_Traits>::operator <<(std::_Bool)'
                 with
                 [
                     _Elem=char,
                     _Traits=std::char_traits<char>
                 ]
                 c:\program files (x86)\microsoft visual studio 10.0\vc\include\ostream(226): 또는       'std::basic_ostream<_Elem,_Traits> &std::basic_ostream<_Elem,_Traits>::operator <<(short)'
                 with
                 [
                     _Elem=char,
                     _Traits=std::char_traits<char>
                 ]
                 c:\program files (x86)\microsoft visual studio 10.0\vc\include\ostream(260): 또는       'std::basic_ostream<_Elem,_Traits> &std::basic_ostream<_Elem,_Traits>::operator <<(unsigned short)'
                 with
                 [
                     _Elem=char,
                     _Traits=std::char_traits<char>
                 ]
                 c:\program files (x86)\microsoft visual studio 10.0\vc\include\ostream(280): 또는       'std::basic_ostream<_Elem,_Traits> &std::basic_ostream<_Elem,_Traits>::operator <<(int)'
                 with
                 [
                     _Elem=char,
                     _Traits=std::char_traits<char>
                 ]
                 c:\program files (x86)\microsoft visual studio 10.0\vc\include\ostream(305): 또는       'std::basic_ostream<_Elem,_Traits> &std::basic_ostream<_Elem,_Traits>::operator <<(unsigned int)'
                 with
                 [
                     _Elem=char,
                     _Traits=std::char_traits<char>
                 ]
                 c:\program files (x86)\microsoft visual studio 10.0\vc\include\ostream(325): 또는       'std::basic_ostream<_Elem,_Traits> &std::basic_ostream<_Elem,_Traits>::operator <<(long)'
                 with
                 [
                     _Elem=char,
                     _Traits=std::char_traits<char>
                 ]
                 c:\program files (x86)\microsoft visual studio 10.0\vc\include\ostream(345): 또는       'std::basic_ostream<_Elem,_Traits> &std::basic_ostream<_Elem,_Traits>::operator <<(unsigned long)'
                 with
                 [
                     _Elem=char,
                     _Traits=std::char_traits<char>
                 ]
                 c:\program files (x86)\microsoft visual studio 10.0\vc\include\ostream(366): 또는       'std::basic_ostream<_Elem,_Traits> &std::basic_ostream<_Elem,_Traits>::operator <<(__int64)'
                 with
                 [
                     _Elem=char,
                     _Traits=std::char_traits<char>
                 ]
                 c:\program files (x86)\microsoft visual studio 10.0\vc\include\ostream(386): 또는       'std::basic_ostream<_Elem,_Traits> &std::basic_ostream<_Elem,_Traits>::operator <<(unsigned __int64)'
                 with
                 [
                     _Elem=char,
                     _Traits=std::char_traits<char>
                 ]
                 c:\program files (x86)\microsoft visual studio 10.0\vc\include\ostream(407): 또는       'std::basic_ostream<_Elem,_Traits> &std::basic_ostream<_Elem,_Traits>::operator <<(float)'
                 with
                 [
                     _Elem=char,
                     _Traits=std::char_traits<char>
                 ]
                 c:\program files (x86)\microsoft visual studio 10.0\vc\include\ostream(427): 또는       'std::basic_ostream<_Elem,_Traits> &std::basic_ostream<_Elem,_Traits>::operator <<(double)'
                 with
                 [
                     _Elem=char,
                     _Traits=std::char_traits<char>
                 ]
                 c:\program files (x86)\microsoft visual studio 10.0\vc\include\ostream(447): 또는       'std::basic_ostream<_Elem,_Traits> &std::basic_ostream<_Elem,_Traits>::operator <<(long double)'
                 with
                 [
                     _Elem=char,
                     _Traits=std::char_traits<char>
                 ]
                 c:\program files (x86)\microsoft visual studio 10.0\vc\include\ostream(467): 또는       'std::basic_ostream<_Elem,_Traits> &std::basic_ostream<_Elem,_Traits>::operator <<(const void *)'
                 with
                 [
                     _Elem=char,
                     _Traits=std::char_traits<char>
                 ]
                 c:\program files (x86)\microsoft visual studio 10.0\vc\include\ostream(487): 또는       'std::basic_ostream<_Elem,_Traits> &std::basic_ostream<_Elem,_Traits>::operator <<(std::basic_streambuf<_Elem,_Traits> *)'
                 with
                 [
                     _Elem=char,
                     _Traits=std::char_traits<char>
                 ]
                 인수 목록 '(std::ostream, std::string)'을(를) 일치시키는 동안
     1>c:\users\juny\documents\visual studio 2010\projects\week2\week1\day2_3_stringtest.cpp(45): error C2679: 이항 '<<' : 오른쪽 피연산자로 'std::string' 형식을 사용하는 연산자가 없거나 허용되는 변환이 없습니다.
                 c:\program files (x86)\microsoft visual studio 10.0\vc\include\ostream(679): 'std::basic_ostream<_Elem,_Traits> &std::operator <<<char,std::char_traits<char>>(std::basic_ostream<_Elem,_Traits> &,const char *)'일 수 있습니다.
                 with
                 [
                     _Elem=char,
                     _Traits=std::char_traits<char>
                 ]
                 c:\program files (x86)\microsoft visual studio 10.0\vc\include\ostream(726): 또는       'std::basic_ostream<_Elem,_Traits> &std::operator <<<char,std::char_traits<char>>(std::basic_ostream<_Elem,_Traits> &,char)'
                 with
                 [
                     _Elem=char,
                     _Traits=std::char_traits<char>
                 ]
                 c:\program files (x86)\microsoft visual studio 10.0\vc\include\ostream(764): 또는       'std::basic_ostream<_Elem,_Traits> &std::operator <<<std::char_traits<char>>(std::basic_ostream<_Elem,_Traits> &,const char *)'
                 with
                 [
                     _Elem=char,
                     _Traits=std::char_traits<char>
                 ]
                 c:\program files (x86)\microsoft visual studio 10.0\vc\include\ostream(811): 또는       'std::basic_ostream<_Elem,_Traits> &std::operator <<<std::char_traits<char>>(std::basic_ostream<_Elem,_Traits> &,char)'
                 with
                 [
                     _Elem=char,
                     _Traits=std::char_traits<char>
                 ]
                 c:\program files (x86)\microsoft visual studio 10.0\vc\include\ostream(937): 또는       'std::basic_ostream<_Elem,_Traits> &std::operator <<<std::char_traits<char>>(std::basic_ostream<_Elem,_Traits> &,const signed char *)'
                 with
                 [
                     _Elem=char,
                     _Traits=std::char_traits<char>
                 ]
                 c:\program files (x86)\microsoft visual studio 10.0\vc\include\ostream(944): 또는       'std::basic_ostream<_Elem,_Traits> &std::operator <<<std::char_traits<char>>(std::basic_ostream<_Elem,_Traits> &,signed char)'
                 with
                 [
                     _Elem=char,
                     _Traits=std::char_traits<char>
                 ]
                 c:\program files (x86)\microsoft visual studio 10.0\vc\include\ostream(951): 또는       'std::basic_ostream<_Elem,_Traits> &std::operator <<<std::char_traits<char>>(std::basic_ostream<_Elem,_Traits> &,const unsigned char *)'
                 with
                 [
                     _Elem=char,
                     _Traits=std::char_traits<char>
                 ]
                 c:\program files (x86)\microsoft visual studio 10.0\vc\include\ostream(958): 또는       'std::basic_ostream<_Elem,_Traits> &std::operator <<<std::char_traits<char>>(std::basic_ostream<_Elem,_Traits> &,unsigned char)'
                 with
                 [
                     _Elem=char,
                     _Traits=std::char_traits<char>
                 ]
                 c:\program files (x86)\microsoft visual studio 10.0\vc\include\ostream(968): 또는       'std::basic_ostream<_Elem,_Traits> &std::operator <<<char,std::char_traits<char>,std::string>(std::basic_ostream<_Elem,_Traits> &&,_Ty)'
                 with
                 [
                     _Elem=char,
                     _Traits=std::char_traits<char>,
                     _Ty=std::string
                 ]
                 c:\program files (x86)\microsoft visual studio 10.0\vc\include\ostream(1085): 또는       'std::basic_ostream<_Elem,_Traits> &std::operator <<<char,std::char_traits<char>>(std::basic_ostream<_Elem,_Traits> &,const std::error_code &)'
                 with
                 [
                     _Elem=char,
                     _Traits=std::char_traits<char>
                 ]
                 c:\program files (x86)\microsoft visual studio 10.0\vc\include\ostream(186): 또는       'std::basic_ostream<_Elem,_Traits> &std::basic_ostream<_Elem,_Traits>::operator <<(std::basic_ostream<_Elem,_Traits> &(__cdecl *)(std::basic_ostream<_Elem,_Traits> &))'
                 with
                 [
                     _Elem=char,
                     _Traits=std::char_traits<char>
                 ]
                 c:\program files (x86)\microsoft visual studio 10.0\vc\include\ostream(192): 또는       'std::basic_ostream<_Elem,_Traits> &std::basic_ostream<_Elem,_Traits>::operator <<(std::basic_ios<_Elem,_Traits> &(__cdecl *)(std::basic_ios<_Elem,_Traits> &))'
                 with
                 [
                     _Elem=char,
                     _Traits=std::char_traits<char>
                 ]
                 c:\program files (x86)\microsoft visual studio 10.0\vc\include\ostream(199): 또는       'std::basic_ostream<_Elem,_Traits> &std::basic_ostream<_Elem,_Traits>::operator <<(std::ios_base &(__cdecl *)(std::ios_base &))'
                 with
                 [
                     _Elem=char,
                     _Traits=std::char_traits<char>
                 ]
                 c:\program files (x86)\microsoft visual studio 10.0\vc\include\ostream(206): 또는       'std::basic_ostream<_Elem,_Traits> &std::basic_ostream<_Elem,_Traits>::operator <<(std::_Bool)'
                 with
                 [
                     _Elem=char,
                     _Traits=std::char_traits<char>
                 ]
                 c:\program files (x86)\microsoft visual studio 10.0\vc\include\ostream(226): 또는       'std::basic_ostream<_Elem,_Traits> &std::basic_ostream<_Elem,_Traits>::operator <<(short)'
                 with
                 [
                     _Elem=char,
                     _Traits=std::char_traits<char>
                 ]
                 c:\program files (x86)\microsoft visual studio 10.0\vc\include\ostream(260): 또는       'std::basic_ostream<_Elem,_Traits> &std::basic_ostream<_Elem,_Traits>::operator <<(unsigned short)'
                 with
                 [
                     _Elem=char,
                     _Traits=std::char_traits<char>
                 ]
                 c:\program files (x86)\microsoft visual studio 10.0\vc\include\ostream(280): 또는       'std::basic_ostream<_Elem,_Traits> &std::basic_ostream<_Elem,_Traits>::operator <<(int)'
                 with
                 [
                     _Elem=char,
                     _Traits=std::char_traits<char>
                 ]
                 c:\program files (x86)\microsoft visual studio 10.0\vc\include\ostream(305): 또는       'std::basic_ostream<_Elem,_Traits> &std::basic_ostream<_Elem,_Traits>::operator <<(unsigned int)'
                 with
                 [
                     _Elem=char,
                     _Traits=std::char_traits<char>
                 ]
                 c:\program files (x86)\microsoft visual studio 10.0\vc\include\ostream(325): 또는       'std::basic_ostream<_Elem,_Traits> &std::basic_ostream<_Elem,_Traits>::operator <<(long)'
                 with
                 [
                     _Elem=char,
                     _Traits=std::char_traits<char>
                 ]
                 c:\program files (x86)\microsoft visual studio 10.0\vc\include\ostream(345): 또는       'std::basic_ostream<_Elem,_Traits> &std::basic_ostream<_Elem,_Traits>::operator <<(unsigned long)'
                 with
                 [
                     _Elem=char,
                     _Traits=std::char_traits<char>
                 ]
                 c:\program files (x86)\microsoft visual studio 10.0\vc\include\ostream(366): 또는       'std::basic_ostream<_Elem,_Traits> &std::basic_ostream<_Elem,_Traits>::operator <<(__int64)'
                 with
                 [
                     _Elem=char,
                     _Traits=std::char_traits<char>
                 ]
                 c:\program files (x86)\microsoft visual studio 10.0\vc\include\ostream(386): 또는       'std::basic_ostream<_Elem,_Traits> &std::basic_ostream<_Elem,_Traits>::operator <<(unsigned __int64)'
                 with
                 [
                     _Elem=char,
                     _Traits=std::char_traits<char>
                 ]
                 c:\program files (x86)\microsoft visual studio 10.0\vc\include\ostream(407): 또는       'std::basic_ostream<_Elem,_Traits> &std::basic_ostream<_Elem,_Traits>::operator <<(float)'
                 with
                 [
                     _Elem=char,
                     _Traits=std::char_traits<char>
                 ]
                 c:\program files (x86)\microsoft visual studio 10.0\vc\include\ostream(427): 또는       'std::basic_ostream<_Elem,_Traits> &std::basic_ostream<_Elem,_Traits>::operator <<(double)'
                 with
                 [
                     _Elem=char,
                     _Traits=std::char_traits<char>
                 ]
                 c:\program files (x86)\microsoft visual studio 10.0\vc\include\ostream(447): 또는       'std::basic_ostream<_Elem,_Traits> &std::basic_ostream<_Elem,_Traits>::operator <<(long double)'
                 with
                 [
                     _Elem=char,
                     _Traits=std::char_traits<char>
                 ]
                 c:\program files (x86)\microsoft visual studio 10.0\vc\include\ostream(467): 또는       'std::basic_ostream<_Elem,_Traits> &std::basic_ostream<_Elem,_Traits>::operator <<(const void *)'
                 with
                 [
                     _Elem=char,
                     _Traits=std::char_traits<char>
                 ]
                 c:\program files (x86)\microsoft visual studio 10.0\vc\include\ostream(487): 또는       'std::basic_ostream<_Elem,_Traits> &std::basic_ostream<_Elem,_Traits>::operator <<(std::basic_streambuf<_Elem,_Traits> *)'
                 with
                 [
                     _Elem=char,
                     _Traits=std::char_traits<char>
                 ]
                 인수 목록 '(std::ostream, std::string)'을(를) 일치시키는 동안
     1>c:\users\juny\documents\visual studio 2010\projects\week2\week1\day2_3_stringtest.cpp(48): error C2679: 이항 '<<' : 오른쪽 피연산자로 'std::string' 형식을 사용하는 연산자가 없거나 허용되는 변환이 없습니다.
                 c:\program files (x86)\microsoft visual studio 10.0\vc\include\ostream(679): 'std::basic_ostream<_Elem,_Traits> &std::operator <<<char,std::char_traits<char>>(std::basic_ostream<_Elem,_Traits> &,const char *)'일 수 있습니다.
                 with
                 [
                     _Elem=char,
                     _Traits=std::char_traits<char>
                 ]
                 c:\program files (x86)\microsoft visual studio 10.0\vc\include\ostream(726): 또는       'std::basic_ostream<_Elem,_Traits> &std::operator <<<char,std::char_traits<char>>(std::basic_ostream<_Elem,_Traits> &,char)'
                 with
                 [
                     _Elem=char,
                     _Traits=std::char_traits<char>
                 ]
                 c:\program files (x86)\microsoft visual studio 10.0\vc\include\ostream(764): 또는       'std::basic_ostream<_Elem,_Traits> &std::operator <<<std::char_traits<char>>(std::basic_ostream<_Elem,_Traits> &,const char *)'
                 with
                 [
                     _Elem=char,
                     _Traits=std::char_traits<char>
                 ]
                 c:\program files (x86)\microsoft visual studio 10.0\vc\include\ostream(811): 또는       'std::basic_ostream<_Elem,_Traits> &std::operator <<<std::char_traits<char>>(std::basic_ostream<_Elem,_Traits> &,char)'
                 with
                 [
                     _Elem=char,
                     _Traits=std::char_traits<char>
                 ]
                 c:\program files (x86)\microsoft visual studio 10.0\vc\include\ostream(937): 또는       'std::basic_ostream<_Elem,_Traits> &std::operator <<<std::char_traits<char>>(std::basic_ostream<_Elem,_Traits> &,const signed char *)'
                 with
                 [
                     _Elem=char,
                     _Traits=std::char_traits<char>
                 ]
                 c:\program files (x86)\microsoft visual studio 10.0\vc\include\ostream(944): 또는       'std::basic_ostream<_Elem,_Traits> &std::operator <<<std::char_traits<char>>(std::basic_ostream<_Elem,_Traits> &,signed char)'
                 with
                 [
                     _Elem=char,
                     _Traits=std::char_traits<char>
                 ]
                 c:\program files (x86)\microsoft visual studio 10.0\vc\include\ostream(951): 또는       'std::basic_ostream<_Elem,_Traits> &std::operator <<<std::char_traits<char>>(std::basic_ostream<_Elem,_Traits> &,const unsigned char *)'
                 with
                 [
                     _Elem=char,
                     _Traits=std::char_traits<char>
                 ]
                 c:\program files (x86)\microsoft visual studio 10.0\vc\include\ostream(958): 또는       'std::basic_ostream<_Elem,_Traits> &std::operator <<<std::char_traits<char>>(std::basic_ostream<_Elem,_Traits> &,unsigned char)'
                 with
                 [
                     _Elem=char,
                     _Traits=std::char_traits<char>
                 ]
                 c:\program files (x86)\microsoft visual studio 10.0\vc\include\ostream(968): 또는       'std::basic_ostream<_Elem,_Traits> &std::operator <<<char,std::char_traits<char>,std::string>(std::basic_ostream<_Elem,_Traits> &&,_Ty)'
                 with
                 [
                     _Elem=char,
                     _Traits=std::char_traits<char>,
                     _Ty=std::string
                 ]
                 c:\program files (x86)\microsoft visual studio 10.0\vc\include\ostream(1085): 또는       'std::basic_ostream<_Elem,_Traits> &std::operator <<<char,std::char_traits<char>>(std::basic_ostream<_Elem,_Traits> &,const std::error_code &)'
                 with
                 [
                     _Elem=char,
                     _Traits=std::char_traits<char>
                 ]
                 c:\program files (x86)\microsoft visual studio 10.0\vc\include\ostream(186): 또는       'std::basic_ostream<_Elem,_Traits> &std::basic_ostream<_Elem,_Traits>::operator <<(std::basic_ostream<_Elem,_Traits> &(__cdecl *)(std::basic_ostream<_Elem,_Traits> &))'
                 with
                 [
                     _Elem=char,
                     _Traits=std::char_traits<char>
                 ]
                 c:\program files (x86)\microsoft visual studio 10.0\vc\include\ostream(192): 또는       'std::basic_ostream<_Elem,_Traits> &std::basic_ostream<_Elem,_Traits>::operator <<(std::basic_ios<_Elem,_Traits> &(__cdecl *)(std::basic_ios<_Elem,_Traits> &))'
                 with
                 [
                     _Elem=char,
                     _Traits=std::char_traits<char>
                 ]
                 c:\program files (x86)\microsoft visual studio 10.0\vc\include\ostream(199): 또는       'std::basic_ostream<_Elem,_Traits> &std::basic_ostream<_Elem,_Traits>::operator <<(std::ios_base &(__cdecl *)(std::ios_base &))'
                 with
                 [
                     _Elem=char,
                     _Traits=std::char_traits<char>
                 ]
                 c:\program files (x86)\microsoft visual studio 10.0\vc\include\ostream(206): 또는       'std::basic_ostream<_Elem,_Traits> &std::basic_ostream<_Elem,_Traits>::operator <<(std::_Bool)'
                 with
                 [
                     _Elem=char,
                     _Traits=std::char_traits<char>
                 ]
                 c:\program files (x86)\microsoft visual studio 10.0\vc\include\ostream(226): 또는       'std::basic_ostream<_Elem,_Traits> &std::basic_ostream<_Elem,_Traits>::operator <<(short)'
                 with
                 [
                     _Elem=char,
                     _Traits=std::char_traits<char>
                 ]
                 c:\program files (x86)\microsoft visual studio 10.0\vc\include\ostream(260): 또는       'std::basic_ostream<_Elem,_Traits> &std::basic_ostream<_Elem,_Traits>::operator <<(unsigned short)'
                 with
                 [
                     _Elem=char,
                     _Traits=std::char_traits<char>
                 ]
                 c:\program files (x86)\microsoft visual studio 10.0\vc\include\ostream(280): 또는       'std::basic_ostream<_Elem,_Traits> &std::basic_ostream<_Elem,_Traits>::operator <<(int)'
                 with
                 [
                     _Elem=char,
                     _Traits=std::char_traits<char>
                 ]
                 c:\program files (x86)\microsoft visual studio 10.0\vc\include\ostream(305): 또는       'std::basic_ostream<_Elem,_Traits> &std::basic_ostream<_Elem,_Traits>::operator <<(unsigned int)'
                 with
                 [
                     _Elem=char,
                     _Traits=std::char_traits<char>
                 ]
                 c:\program files (x86)\microsoft visual studio 10.0\vc\include\ostream(325): 또는       'std::basic_ostream<_Elem,_Traits> &std::basic_ostream<_Elem,_Traits>::operator <<(long)'
                 with
                 [
                     _Elem=char,
                     _Traits=std::char_traits<char>
                 ]
                 c:\program files (x86)\microsoft visual studio 10.0\vc\include\ostream(345): 또는       'std::basic_ostream<_Elem,_Traits> &std::basic_ostream<_Elem,_Traits>::operator <<(unsigned long)'
                 with
                 [
                     _Elem=char,
                     _Traits=std::char_traits<char>
                 ]
                 c:\program files (x86)\microsoft visual studio 10.0\vc\include\ostream(366): 또는       'std::basic_ostream<_Elem,_Traits> &std::basic_ostream<_Elem,_Traits>::operator <<(__int64)'
                 with
                 [
                     _Elem=char,
                     _Traits=std::char_traits<char>
                 ]
                 c:\program files (x86)\microsoft visual studio 10.0\vc\include\ostream(386): 또는       'std::basic_ostream<_Elem,_Traits> &std::basic_ostream<_Elem,_Traits>::operator <<(unsigned __int64)'
                 with
                 [
                     _Elem=char,
                     _Traits=std::char_traits<char>
                 ]
                 c:\program files (x86)\microsoft visual studio 10.0\vc\include\ostream(407): 또는       'std::basic_ostream<_Elem,_Traits> &std::basic_ostream<_Elem,_Traits>::operator <<(float)'
                 with
                 [
                     _Elem=char,
                     _Traits=std::char_traits<char>
                 ]
                 c:\program files (x86)\microsoft visual studio 10.0\vc\include\ostream(427): 또는       'std::basic_ostream<_Elem,_Traits> &std::basic_ostream<_Elem,_Traits>::operator <<(double)'
                 with
                 [
                     _Elem=char,
                     _Traits=std::char_traits<char>
                 ]
                 c:\program files (x86)\microsoft visual studio 10.0\vc\include\ostream(447): 또는       'std::basic_ostream<_Elem,_Traits> &std::basic_ostream<_Elem,_Traits>::operator <<(long double)'
                 with
                 [
                     _Elem=char,
                     _Traits=std::char_traits<char>
                 ]
                 c:\program files (x86)\microsoft visual studio 10.0\vc\include\ostream(467): 또는       'std::basic_ostream<_Elem,_Traits> &std::basic_ostream<_Elem,_Traits>::operator <<(const void *)'
                 with
                 [
                     _Elem=char,
                     _Traits=std::char_traits<char>
                 ]
                 c:\program files (x86)\microsoft visual studio 10.0\vc\include\ostream(487): 또는       'std::basic_ostream<_Elem,_Traits> &std::basic_ostream<_Elem,_Traits>::operator <<(std::basic_streambuf<_Elem,_Traits> *)'
                 with
                 [
                     _Elem=char,
                     _Traits=std::char_traits<char>
                 ]
                 인수 목록 '(std::ostream, std::string)'을(를) 일치시키는 동안
     1>c:\users\juny\documents\visual studio 2010\projects\week2\week1\day2_3_stringtest.cpp(50): error C2784: 'std::_String_iterator<_Elem,_Traits,_Alloc> std::operator +(_String_iterator<_Elem,_Traits,_Alloc>::difference_type,std::_String_iterator<_Elem,_Traits,_Alloc>)' : 'std::_String_iterator<_Elem,_Traits,_Alloc>'의 템플릿 인수를 'char [7]'에서 추론할 수 없습니다.
                 c:\program files (x86)\microsoft visual studio 10.0\vc\include\xstring(434) : 'std::operator +' 선언을 참조하십시오.
     1>c:\users\juny\documents\visual studio 2010\projects\week2\week1\day2_3_stringtest.cpp(50): error C2784: 'std::_String_const_iterator<_Elem,_Traits,_Alloc> std::operator +(_String_const_iterator<_Elem,_Traits,_Alloc>::difference_type,std::_String_const_iterator<_Elem,_Traits,_Alloc>)' : 'std::_String_const_iterator<_Elem,_Traits,_Alloc>'의 템플릿 인수를 'char [7]'에서 추론할 수 없습니다.
                 c:\program files (x86)\microsoft visual studio 10.0\vc\include\xstring(293) : 'std::operator +' 선언을 참조하십시오.
     1>c:\users\juny\documents\visual studio 2010\projects\week2\week1\day2_3_stringtest.cpp(50): error C2784: 'std::_Array_iterator<_Ty,_Size> std::operator +(_Array_iterator<_Ty,_Size>::difference_type,std::_Array_iterator<_Ty,_Size>)' : 'std::_Array_iterator<_Ty,_Size>'의 템플릿 인수를 'char [7]'에서 추론할 수 없습니다.
                 c:\program files (x86)\microsoft visual studio 10.0\vc\include\xutility(2068) : 'std::operator +' 선언을 참조하십시오.
     1>c:\users\juny\documents\visual studio 2010\projects\week2\week1\day2_3_stringtest.cpp(50): error C2784: 'std::_Array_const_iterator<_Ty,_Size> std::operator +(_Array_const_iterator<_Ty,_Size>::difference_type,std::_Array_const_iterator<_Ty,_Size>)' : 'std::_Array_const_iterator<_Ty,_Size>'의 템플릿 인수를 'char [7]'에서 추론할 수 없습니다.
                 c:\program files (x86)\microsoft visual studio 10.0\vc\include\xutility(1929) : 'std::operator +' 선언을 참조하십시오.
     1>c:\users\juny\documents\visual studio 2010\projects\week2\week1\day2_3_stringtest.cpp(50): error C2784: 'std::reverse_iterator<_RanIt> std::operator +(_Diff,const std::reverse_iterator<_RanIt> &)' : 'const std::reverse_iterator<_RanIt> &'의 템플릿 인수를 'char [7]'에서 추론할 수 없습니다.
                 c:\program files (x86)\microsoft visual studio 10.0\vc\include\xutility(1323) : 'std::operator +' 선언을 참조하십시오.
     1>c:\users\juny\documents\visual studio 2010\projects\week2\week1\day2_3_stringtest.cpp(50): error C2784: 'std::_Revranit<_RanIt,_Base> std::operator +(_Diff,const std::_Revranit<_RanIt,_Base> &)' : 'const std::_Revranit<_RanIt,_Base> &'의 템플릿 인수를 'char [7]'에서 추론할 수 없습니다.
                 c:\program files (x86)\microsoft visual studio 10.0\vc\include\xutility(1136) : 'std::operator +' 선언을 참조하십시오.
     1>c:\users\juny\documents\visual studio 2010\projects\week2\week1\day2_3_stringtest.cpp(50): error C2676: 이항 '+' : 'std::string'이(가) 이 연산자를 정의하지 않거나 미리 정의된 연산자에 허용되는 형식으로의 변환을 정의하지 않습니다.
     1>c:\users\juny\documents\visual studio 2010\projects\week2\week1\day2_3_stringtest.cpp(51): error C2679: 이항 '<<' : 오른쪽 피연산자로 'std::string' 형식을 사용하는 연산자가 없거나 허용되는 변환이 없습니다.
                 c:\program files (x86)\microsoft visual studio 10.0\vc\include\ostream(679): 'std::basic_ostream<_Elem,_Traits> &std::operator <<<char,std::char_traits<char>>(std::basic_ostream<_Elem,_Traits> &,const char *)'일 수 있습니다.
                 with
                 [
                     _Elem=char,
                     _Traits=std::char_traits<char>
                 ]
                 c:\program files (x86)\microsoft visual studio 10.0\vc\include\ostream(726): 또는       'std::basic_ostream<_Elem,_Traits> &std::operator <<<char,std::char_traits<char>>(std::basic_ostream<_Elem,_Traits> &,char)'
                 with
                 [
                     _Elem=char,
                     _Traits=std::char_traits<char>
                 ]
                 c:\program files (x86)\microsoft visual studio 10.0\vc\include\ostream(764): 또는       'std::basic_ostream<_Elem,_Traits> &std::operator <<<std::char_traits<char>>(std::basic_ostream<_Elem,_Traits> &,const char *)'
                 with
                 [
                     _Elem=char,
                     _Traits=std::char_traits<char>
                 ]
                 c:\program files (x86)\microsoft visual studio 10.0\vc\include\ostream(811): 또는       'std::basic_ostream<_Elem,_Traits> &std::operator <<<std::char_traits<char>>(std::basic_ostream<_Elem,_Traits> &,char)'
                 with
                 [
                     _Elem=char,
                     _Traits=std::char_traits<char>
                 ]
                 c:\program files (x86)\microsoft visual studio 10.0\vc\include\ostream(937): 또는       'std::basic_ostream<_Elem,_Traits> &std::operator <<<std::char_traits<char>>(std::basic_ostream<_Elem,_Traits> &,const signed char *)'
                 with
                 [
                     _Elem=char,
                     _Traits=std::char_traits<char>
                 ]
                 c:\program files (x86)\microsoft visual studio 10.0\vc\include\ostream(944): 또는       'std::basic_ostream<_Elem,_Traits> &std::operator <<<std::char_traits<char>>(std::basic_ostream<_Elem,_Traits> &,signed char)'
                 with
                 [
                     _Elem=char,
                     _Traits=std::char_traits<char>
                 ]
                 c:\program files (x86)\microsoft visual studio 10.0\vc\include\ostream(951): 또는       'std::basic_ostream<_Elem,_Traits> &std::operator <<<std::char_traits<char>>(std::basic_ostream<_Elem,_Traits> &,const unsigned char *)'
                 with
                 [
                     _Elem=char,
                     _Traits=std::char_traits<char>
                 ]
                 c:\program files (x86)\microsoft visual studio 10.0\vc\include\ostream(958): 또는       'std::basic_ostream<_Elem,_Traits> &std::operator <<<std::char_traits<char>>(std::basic_ostream<_Elem,_Traits> &,unsigned char)'
                 with
                 [
                     _Elem=char,
                     _Traits=std::char_traits<char>
                 ]
                 c:\program files (x86)\microsoft visual studio 10.0\vc\include\ostream(968): 또는       'std::basic_ostream<_Elem,_Traits> &std::operator <<<char,std::char_traits<char>,std::string>(std::basic_ostream<_Elem,_Traits> &&,_Ty)'
                 with
                 [
                     _Elem=char,
                     _Traits=std::char_traits<char>,
                     _Ty=std::string
                 ]
                 c:\program files (x86)\microsoft visual studio 10.0\vc\include\ostream(1085): 또는       'std::basic_ostream<_Elem,_Traits> &std::operator <<<char,std::char_traits<char>>(std::basic_ostream<_Elem,_Traits> &,const std::error_code &)'
                 with
                 [
                     _Elem=char,
                     _Traits=std::char_traits<char>
                 ]
                 c:\program files (x86)\microsoft visual studio 10.0\vc\include\ostream(186): 또는       'std::basic_ostream<_Elem,_Traits> &std::basic_ostream<_Elem,_Traits>::operator <<(std::basic_ostream<_Elem,_Traits> &(__cdecl *)(std::basic_ostream<_Elem,_Traits> &))'
                 with
                 [
                     _Elem=char,
                     _Traits=std::char_traits<char>
                 ]
                 c:\program files (x86)\microsoft visual studio 10.0\vc\include\ostream(192): 또는       'std::basic_ostream<_Elem,_Traits> &std::basic_ostream<_Elem,_Traits>::operator <<(std::basic_ios<_Elem,_Traits> &(__cdecl *)(std::basic_ios<_Elem,_Traits> &))'
                 with
                 [
                     _Elem=char,
                     _Traits=std::char_traits<char>
                 ]
                 c:\program files (x86)\microsoft visual studio 10.0\vc\include\ostream(199): 또는       'std::basic_ostream<_Elem,_Traits> &std::basic_ostream<_Elem,_Traits>::operator <<(std::ios_base &(__cdecl *)(std::ios_base &))'
                 with
                 [
                     _Elem=char,
                     _Traits=std::char_traits<char>
                 ]
                 c:\program files (x86)\microsoft visual studio 10.0\vc\include\ostream(206): 또는       'std::basic_ostream<_Elem,_Traits> &std::basic_ostream<_Elem,_Traits>::operator <<(std::_Bool)'
                 with
                 [
                     _Elem=char,
                     _Traits=std::char_traits<char>
                 ]
                 c:\program files (x86)\microsoft visual studio 10.0\vc\include\ostream(226): 또는       'std::basic_ostream<_Elem,_Traits> &std::basic_ostream<_Elem,_Traits>::operator <<(short)'
                 with
                 [
                     _Elem=char,
                     _Traits=std::char_traits<char>
                 ]
                 c:\program files (x86)\microsoft visual studio 10.0\vc\include\ostream(260): 또는       'std::basic_ostream<_Elem,_Traits> &std::basic_ostream<_Elem,_Traits>::operator <<(unsigned short)'
                 with
                 [
                     _Elem=char,
                     _Traits=std::char_traits<char>
                 ]
                 c:\program files (x86)\microsoft visual studio 10.0\vc\include\ostream(280): 또는       'std::basic_ostream<_Elem,_Traits> &std::basic_ostream<_Elem,_Traits>::operator <<(int)'
                 with
                 [
                     _Elem=char,
                     _Traits=std::char_traits<char>
                 ]
                 c:\program files (x86)\microsoft visual studio 10.0\vc\include\ostream(305): 또는       'std::basic_ostream<_Elem,_Traits> &std::basic_ostream<_Elem,_Traits>::operator <<(unsigned int)'
                 with
                 [
                     _Elem=char,
                     _Traits=std::char_traits<char>
                 ]
                 c:\program files (x86)\microsoft visual studio 10.0\vc\include\ostream(325): 또는       'std::basic_ostream<_Elem,_Traits> &std::basic_ostream<_Elem,_Traits>::operator <<(long)'
                 with
                 [
                     _Elem=char,
                     _Traits=std::char_traits<char>
                 ]
                 c:\program files (x86)\microsoft visual studio 10.0\vc\include\ostream(345): 또는       'std::basic_ostream<_Elem,_Traits> &std::basic_ostream<_Elem,_Traits>::operator <<(unsigned long)'
                 with
                 [
                     _Elem=char,
                     _Traits=std::char_traits<char>
                 ]
                 c:\program files (x86)\microsoft visual studio 10.0\vc\include\ostream(366): 또는       'std::basic_ostream<_Elem,_Traits> &std::basic_ostream<_Elem,_Traits>::operator <<(__int64)'
                 with
                 [
                     _Elem=char,
                     _Traits=std::char_traits<char>
                 ]
                 c:\program files (x86)\microsoft visual studio 10.0\vc\include\ostream(386): 또는       'std::basic_ostream<_Elem,_Traits> &std::basic_ostream<_Elem,_Traits>::operator <<(unsigned __int64)'
                 with
                 [
                     _Elem=char,
                     _Traits=std::char_traits<char>
                 ]
                 c:\program files (x86)\microsoft visual studio 10.0\vc\include\ostream(407): 또는       'std::basic_ostream<_Elem,_Traits> &std::basic_ostream<_Elem,_Traits>::operator <<(float)'
                 with
                 [
                     _Elem=char,
                     _Traits=std::char_traits<char>
                 ]
                 c:\program files (x86)\microsoft visual studio 10.0\vc\include\ostream(427): 또는       'std::basic_ostream<_Elem,_Traits> &std::basic_ostream<_Elem,_Traits>::operator <<(double)'
                 with
                 [
                     _Elem=char,
                     _Traits=std::char_traits<char>
                 ]
                 c:\program files (x86)\microsoft visual studio 10.0\vc\include\ostream(447): 또는       'std::basic_ostream<_Elem,_Traits> &std::basic_ostream<_Elem,_Traits>::operator <<(long double)'
                 with
                 [
                     _Elem=char,
                     _Traits=std::char_traits<char>
                 ]
                 c:\program files (x86)\microsoft visual studio 10.0\vc\include\ostream(467): 또는       'std::basic_ostream<_Elem,_Traits> &std::basic_ostream<_Elem,_Traits>::operator <<(const void *)'
                 with
                 [
                     _Elem=char,
                     _Traits=std::char_traits<char>
                 ]
                 c:\program files (x86)\microsoft visual studio 10.0\vc\include\ostream(487): 또는       'std::basic_ostream<_Elem,_Traits> &std::basic_ostream<_Elem,_Traits>::operator <<(std::basic_streambuf<_Elem,_Traits> *)'
                 with
                 [
                     _Elem=char,
                     _Traits=std::char_traits<char>
                 ]
                 인수 목록 '(std::ostream, std::string)'을(를) 일치시키는 동안
     1>c:\users\juny\documents\visual studio 2010\projects\week2\week1\day2_3_stringtest.cpp(58): error C2784: 'std::_String_iterator<_Elem,_Traits,_Alloc> std::operator +(_String_iterator<_Elem,_Traits,_Alloc>::difference_type,std::_String_iterator<_Elem,_Traits,_Alloc>)' : 'std::_String_iterator<_Elem,_Traits,_Alloc>'의 템플릿 인수를 'std::basic_string<_Elem,_Traits,_Ax>'에서 추론할 수 없습니다.
                 with
                 [
                     _Elem=char,
                     _Traits=std::char_traits<char>,
                     _Ax=std::allocator<char>
                 ]
                 c:\program files (x86)\microsoft visual studio 10.0\vc\include\xstring(434) : 'std::operator +' 선언을 참조하십시오.
     1>c:\users\juny\documents\visual studio 2010\projects\week2\week1\day2_3_stringtest.cpp(58): error C2784: 'std::_String_iterator<_Elem,_Traits,_Alloc> std::operator +(_String_iterator<_Elem,_Traits,_Alloc>::difference_type,std::_String_iterator<_Elem,_Traits,_Alloc>)' : 'std::_String_iterator<_Elem,_Traits,_Alloc>'의 템플릿 인수를 'std::basic_string<_Elem,_Traits,_Ax>'에서 추론할 수 없습니다.
                 with
                 [
                     _Elem=char,
                     _Traits=std::char_traits<char>,
                     _Ax=std::allocator<char>
                 ]
                 c:\program files (x86)\microsoft visual studio 10.0\vc\include\xstring(434) : 'std::operator +' 선언을 참조하십시오.
     1>c:\users\juny\documents\visual studio 2010\projects\week2\week1\day2_3_stringtest.cpp(58): error C2784: 'std::_String_iterator<_Elem,_Traits,_Alloc> std::operator +(_String_iterator<_Elem,_Traits,_Alloc>::difference_type,std::_String_iterator<_Elem,_Traits,_Alloc>)' : 'std::_String_iterator<_Elem,_Traits,_Alloc>'의 템플릿 인수를 'std::basic_string<_Elem,_Traits,_Ax>'에서 추론할 수 없습니다.
                 with
                 [
                     _Elem=char,
                     _Traits=std::char_traits<char>,
                     _Ax=std::allocator<char>
                 ]
                 c:\program files (x86)\microsoft visual studio 10.0\vc\include\xstring(434) : 'std::operator +' 선언을 참조하십시오.
     1>c:\users\juny\documents\visual studio 2010\projects\week2\week1\day2_3_stringtest.cpp(58): error C2784: 'std::_String_const_iterator<_Elem,_Traits,_Alloc> std::operator +(_String_const_iterator<_Elem,_Traits,_Alloc>::difference_type,std::_String_const_iterator<_Elem,_Traits,_Alloc>)' : 'std::_String_const_iterator<_Elem,_Traits,_Alloc>'의 템플릿 인수를 'std::basic_string<_Elem,_Traits,_Ax>'에서 추론할 수 없습니다.
                 with
                 [
                     _Elem=char,
                     _Traits=std::char_traits<char>,
                     _Ax=std::allocator<char>
                 ]
                 c:\program files (x86)\microsoft visual studio 10.0\vc\include\xstring(293) : 'std::operator +' 선언을 참조하십시오.
     1>c:\users\juny\documents\visual studio 2010\projects\week2\week1\day2_3_stringtest.cpp(58): error C2784: 'std::_String_const_iterator<_Elem,_Traits,_Alloc> std::operator +(_String_const_iterator<_Elem,_Traits,_Alloc>::difference_type,std::_String_const_iterator<_Elem,_Traits,_Alloc>)' : 'std::_String_const_iterator<_Elem,_Traits,_Alloc>'의 템플릿 인수를 'std::basic_string<_Elem,_Traits,_Ax>'에서 추론할 수 없습니다.
                 with
                 [
                     _Elem=char,
                     _Traits=std::char_traits<char>,
                     _Ax=std::allocator<char>
                 ]
                 c:\program files (x86)\microsoft visual studio 10.0\vc\include\xstring(293) : 'std::operator +' 선언을 참조하십시오.
     1>c:\users\juny\documents\visual studio 2010\projects\week2\week1\day2_3_stringtest.cpp(58): error C2784: 'std::_String_const_iterator<_Elem,_Traits,_Alloc> std::operator +(_String_const_iterator<_Elem,_Traits,_Alloc>::difference_type,std::_String_const_iterator<_Elem,_Traits,_Alloc>)' : 'std::_String_const_iterator<_Elem,_Traits,_Alloc>'의 템플릿 인수를 'std::basic_string<_Elem,_Traits,_Ax>'에서 추론할 수 없습니다.
                 with
                 [
                     _Elem=char,
                     _Traits=std::char_traits<char>,
                     _Ax=std::allocator<char>
                 ]
                 c:\program files (x86)\microsoft visual studio 10.0\vc\include\xstring(293) : 'std::operator +' 선언을 참조하십시오.
     1>c:\users\juny\documents\visual studio 2010\projects\week2\week1\day2_3_stringtest.cpp(58): error C2784: 'std::_Array_iterator<_Ty,_Size> std::operator +(_Array_iterator<_Ty,_Size>::difference_type,std::_Array_iterator<_Ty,_Size>)' : 'std::_Array_iterator<_Ty,_Size>'의 템플릿 인수를 'std::basic_string<_Elem,_Traits,_Ax>'에서 추론할 수 없습니다.
                 with
                 [
                     _Elem=char,
                     _Traits=std::char_traits<char>,
                     _Ax=std::allocator<char>
                 ]
                 c:\program files (x86)\microsoft visual studio 10.0\vc\include\xutility(2068) : 'std::operator +' 선언을 참조하십시오.
     1>c:\users\juny\documents\visual studio 2010\projects\week2\week1\day2_3_stringtest.cpp(58): error C2784: 'std::_Array_iterator<_Ty,_Size> std::operator +(_Array_iterator<_Ty,_Size>::difference_type,std::_Array_iterator<_Ty,_Size>)' : 'std::_Array_iterator<_Ty,_Size>'의 템플릿 인수를 'std::basic_string<_Elem,_Traits,_Ax>'에서 추론할 수 없습니다.
                 with
                 [
                     _Elem=char,
                     _Traits=std::char_traits<char>,
                     _Ax=std::allocator<char>
                 ]
                 c:\program files (x86)\microsoft visual studio 10.0\vc\include\xutility(2068) : 'std::operator +' 선언을 참조하십시오.
     1>c:\users\juny\documents\visual studio 2010\projects\week2\week1\day2_3_stringtest.cpp(58): error C2784: 'std::_Array_iterator<_Ty,_Size> std::operator +(_Array_iterator<_Ty,_Size>::difference_type,std::_Array_iterator<_Ty,_Size>)' : 'std::_Array_iterator<_Ty,_Size>'의 템플릿 인수를 'std::basic_string<_Elem,_Traits,_Ax>'에서 추론할 수 없습니다.
                 with
                 [
                     _Elem=char,
                     _Traits=std::char_traits<char>,
                     _Ax=std::allocator<char>
                 ]
                 c:\program files (x86)\microsoft visual studio 10.0\vc\include\xutility(2068) : 'std::operator +' 선언을 참조하십시오.
     1>c:\users\juny\documents\visual studio 2010\projects\week2\week1\day2_3_stringtest.cpp(58): error C2784: 'std::_Array_const_iterator<_Ty,_Size> std::operator +(_Array_const_iterator<_Ty,_Size>::difference_type,std::_Array_const_iterator<_Ty,_Size>)' : 'std::_Array_const_iterator<_Ty,_Size>'의 템플릿 인수를 'std::basic_string<_Elem,_Traits,_Ax>'에서 추론할 수 없습니다.
                 with
                 [
                     _Elem=char,
                     _Traits=std::char_traits<char>,
                     _Ax=std::allocator<char>
                 ]
                 c:\program files (x86)\microsoft visual studio 10.0\vc\include\xutility(1929) : 'std::operator +' 선언을 참조하십시오.
     1>c:\users\juny\documents\visual studio 2010\projects\week2\week1\day2_3_stringtest.cpp(58): error C2784: 'std::_Array_const_iterator<_Ty,_Size> std::operator +(_Array_const_iterator<_Ty,_Size>::difference_type,std::_Array_const_iterator<_Ty,_Size>)' : 'std::_Array_const_iterator<_Ty,_Size>'의 템플릿 인수를 'std::basic_string<_Elem,_Traits,_Ax>'에서 추론할 수 없습니다.
                 with
                 [
                     _Elem=char,
                     _Traits=std::char_traits<char>,
                     _Ax=std::allocator<char>
                 ]
                 c:\program files (x86)\microsoft visual studio 10.0\vc\include\xutility(1929) : 'std::operator +' 선언을 참조하십시오.
     1>c:\users\juny\documents\visual studio 2010\projects\week2\week1\day2_3_stringtest.cpp(58): error C2784: 'std::_Array_const_iterator<_Ty,_Size> std::operator +(_Array_const_iterator<_Ty,_Size>::difference_type,std::_Array_const_iterator<_Ty,_Size>)' : 'std::_Array_const_iterator<_Ty,_Size>'의 템플릿 인수를 'std::basic_string<_Elem,_Traits,_Ax>'에서 추론할 수 없습니다.
                 with
                 [
                     _Elem=char,
                     _Traits=std::char_traits<char>,
                     _Ax=std::allocator<char>
                 ]
                 c:\program files (x86)\microsoft visual studio 10.0\vc\include\xutility(1929) : 'std::operator +' 선언을 참조하십시오.
     1>c:\users\juny\documents\visual studio 2010\projects\week2\week1\day2_3_stringtest.cpp(58): error C2784: 'std::reverse_iterator<_RanIt> std::operator +(_Diff,const std::reverse_iterator<_RanIt> &)' : 'const std::reverse_iterator<_RanIt> &'의 템플릿 인수를 'std::basic_string<_Elem,_Traits,_Ax>'에서 추론할 수 없습니다.
                 with
                 [
                     _Elem=char,
                     _Traits=std::char_traits<char>,
                     _Ax=std::allocator<char>
                 ]
                 c:\program files (x86)\microsoft visual studio 10.0\vc\include\xutility(1323) : 'std::operator +' 선언을 참조하십시오.
     1>c:\users\juny\documents\visual studio 2010\projects\week2\week1\day2_3_stringtest.cpp(58): error C2784: 'std::reverse_iterator<_RanIt> std::operator +(_Diff,const std::reverse_iterator<_RanIt> &)' : 'const std::reverse_iterator<_RanIt> &'의 템플릿 인수를 'std::basic_string<_Elem,_Traits,_Ax>'에서 추론할 수 없습니다.
                 with
                 [
                     _Elem=char,
                     _Traits=std::char_traits<char>,
                     _Ax=std::allocator<char>
                 ]
                 c:\program files (x86)\microsoft visual studio 10.0\vc\include\xutility(1323) : 'std::operator +' 선언을 참조하십시오.
     1>c:\users\juny\documents\visual studio 2010\projects\week2\week1\day2_3_stringtest.cpp(58): error C2784: 'std::reverse_iterator<_RanIt> std::operator +(_Diff,const std::reverse_iterator<_RanIt> &)' : 'const std::reverse_iterator<_RanIt> &'의 템플릿 인수를 'std::basic_string<_Elem,_Traits,_Ax>'에서 추론할 수 없습니다.
                 with
                 [
                     _Elem=char,
                     _Traits=std::char_traits<char>,
                     _Ax=std::allocator<char>
                 ]
                 c:\program files (x86)\microsoft visual studio 10.0\vc\include\xutility(1323) : 'std::operator +' 선언을 참조하십시오.
     1>c:\users\juny\documents\visual studio 2010\projects\week2\week1\day2_3_stringtest.cpp(58): error C2784: 'std::_Revranit<_RanIt,_Base> std::operator +(_Diff,const std::_Revranit<_RanIt,_Base> &)' : 'const std::_Revranit<_RanIt,_Base> &'의 템플릿 인수를 'std::basic_string<_Elem,_Traits,_Ax>'에서 추론할 수 없습니다.
                 with
                 [
                     _Elem=char,
                     _Traits=std::char_traits<char>,
                     _Ax=std::allocator<char>
                 ]
                 c:\program files (x86)\microsoft visual studio 10.0\vc\include\xutility(1136) : 'std::operator +' 선언을 참조하십시오.
     1>c:\users\juny\documents\visual studio 2010\projects\week2\week1\day2_3_stringtest.cpp(58): error C2784: 'std::_Revranit<_RanIt,_Base> std::operator +(_Diff,const std::_Revranit<_RanIt,_Base> &)' : 'const std::_Revranit<_RanIt,_Base> &'의 템플릿 인수를 'std::basic_string<_Elem,_Traits,_Ax>'에서 추론할 수 없습니다.
                 with
                 [
                     _Elem=char,
                     _Traits=std::char_traits<char>,
                     _Ax=std::allocator<char>
                 ]
                 c:\program files (x86)\microsoft visual studio 10.0\vc\include\xutility(1136) : 'std::operator +' 선언을 참조하십시오.
     1>c:\users\juny\documents\visual studio 2010\projects\week2\week1\day2_3_stringtest.cpp(58): error C2784: 'std::_Revranit<_RanIt,_Base> std::operator +(_Diff,const std::_Revranit<_RanIt,_Base> &)' : 'const std::_Revranit<_RanIt,_Base> &'의 템플릿 인수를 'std::basic_string<_Elem,_Traits,_Ax>'에서 추론할 수 없습니다.
                 with
                 [
                     _Elem=char,
                     _Traits=std::char_traits<char>,
                     _Ax=std::allocator<char>
                 ]
                 c:\program files (x86)\microsoft visual studio 10.0\vc\include\xutility(1136) : 'std::operator +' 선언을 참조하십시오.
     1>c:\users\juny\documents\visual studio 2010\projects\week2\week1\day2_3_stringtest.cpp(58): error C2676: 이항 '+' : 'std::basic_string<_Elem,_Traits,_Ax>'이(가) 이 연산자를 정의하지 않거나 미리 정의된 연산자에 허용되는 형식으로의 변환을 정의하지 않습니다.
                 with
                 [
                     _Elem=char,
                     _Traits=std::char_traits<char>,
                     _Ax=std::allocator<char>
                 ]
     1>c:\users\juny\documents\visual studio 2010\projects\week2\week1\day2_3_stringtest.cpp(60): error C2679: 이항 '<<' : 오른쪽 피연산자로 'std::string' 형식을 사용하는 연산자가 없거나 허용되는 변환이 없습니다.
                 c:\program files (x86)\microsoft visual studio 10.0\vc\include\ostream(679): 'std::basic_ostream<_Elem,_Traits> &std::operator <<<char,std::char_traits<char>>(std::basic_ostream<_Elem,_Traits> &,const char *)'일 수 있습니다.
                 with
                 [
                     _Elem=char,
                     _Traits=std::char_traits<char>
                 ]
                 c:\program files (x86)\microsoft visual studio 10.0\vc\include\ostream(726): 또는       'std::basic_ostream<_Elem,_Traits> &std::operator <<<char,std::char_traits<char>>(std::basic_ostream<_Elem,_Traits> &,char)'
                 with
                 [
                     _Elem=char,
                     _Traits=std::char_traits<char>
                 ]
                 c:\program files (x86)\microsoft visual studio 10.0\vc\include\ostream(764): 또는       'std::basic_ostream<_Elem,_Traits> &std::operator <<<std::char_traits<char>>(std::basic_ostream<_Elem,_Traits> &,const char *)'
                 with
                 [
                     _Elem=char,
                     _Traits=std::char_traits<char>
                 ]
                 c:\program files (x86)\microsoft visual studio 10.0\vc\include\ostream(811): 또는       'std::basic_ostream<_Elem,_Traits> &std::operator <<<std::char_traits<char>>(std::basic_ostream<_Elem,_Traits> &,char)'
                 with
                 [
                     _Elem=char,
                     _Traits=std::char_traits<char>
                 ]
                 c:\program files (x86)\microsoft visual studio 10.0\vc\include\ostream(937): 또는       'std::basic_ostream<_Elem,_Traits> &std::operator <<<std::char_traits<char>>(std::basic_ostream<_Elem,_Traits> &,const signed char *)'
                 with
                 [
                     _Elem=char,
                     _Traits=std::char_traits<char>
                 ]
                 c:\program files (x86)\microsoft visual studio 10.0\vc\include\ostream(944): 또는       'std::basic_ostream<_Elem,_Traits> &std::operator <<<std::char_traits<char>>(std::basic_ostream<_Elem,_Traits> &,signed char)'
                 with
                 [
                     _Elem=char,
                     _Traits=std::char_traits<char>
                 ]
                 c:\program files (x86)\microsoft visual studio 10.0\vc\include\ostream(951): 또는       'std::basic_ostream<_Elem,_Traits> &std::operator <<<std::char_traits<char>>(std::basic_ostream<_Elem,_Traits> &,const unsigned char *)'
                 with
                 [
                     _Elem=char,
                     _Traits=std::char_traits<char>
                 ]
                 c:\program files (x86)\microsoft visual studio 10.0\vc\include\ostream(958): 또는       'std::basic_ostream<_Elem,_Traits> &std::operator <<<std::char_traits<char>>(std::basic_ostream<_Elem,_Traits> &,unsigned char)'
                 with
                 [
                     _Elem=char,
                     _Traits=std::char_traits<char>
                 ]
                 c:\program files (x86)\microsoft visual studio 10.0\vc\include\ostream(968): 또는       'std::basic_ostream<_Elem,_Traits> &std::operator <<<char,std::char_traits<char>,std::string>(std::basic_ostream<_Elem,_Traits> &&,_Ty)'
                 with
                 [
                     _Elem=char,
                     _Traits=std::char_traits<char>,
                     _Ty=std::string
                 ]
                 c:\program files (x86)\microsoft visual studio 10.0\vc\include\ostream(1085): 또는       'std::basic_ostream<_Elem,_Traits> &std::operator <<<char,std::char_traits<char>>(std::basic_ostream<_Elem,_Traits> &,const std::error_code &)'
                 with
                 [
                     _Elem=char,
                     _Traits=std::char_traits<char>
                 ]
                 c:\program files (x86)\microsoft visual studio 10.0\vc\include\ostream(186): 또는       'std::basic_ostream<_Elem,_Traits> &std::basic_ostream<_Elem,_Traits>::operator <<(std::basic_ostream<_Elem,_Traits> &(__cdecl *)(std::basic_ostream<_Elem,_Traits> &))'
                 with
                 [
                     _Elem=char,
                     _Traits=std::char_traits<char>
                 ]
                 c:\program files (x86)\microsoft visual studio 10.0\vc\include\ostream(192): 또는       'std::basic_ostream<_Elem,_Traits> &std::basic_ostream<_Elem,_Traits>::operator <<(std::basic_ios<_Elem,_Traits> &(__cdecl *)(std::basic_ios<_Elem,_Traits> &))'
                 with
                 [
                     _Elem=char,
                     _Traits=std::char_traits<char>
                 ]
                 c:\program files (x86)\microsoft visual studio 10.0\vc\include\ostream(199): 또는       'std::basic_ostream<_Elem,_Traits> &std::basic_ostream<_Elem,_Traits>::operator <<(std::ios_base &(__cdecl *)(std::ios_base &))'
                 with
                 [
                     _Elem=char,
                     _Traits=std::char_traits<char>
                 ]
                 c:\program files (x86)\microsoft visual studio 10.0\vc\include\ostream(206): 또는       'std::basic_ostream<_Elem,_Traits> &std::basic_ostream<_Elem,_Traits>::operator <<(std::_Bool)'
                 with
                 [
                     _Elem=char,
                     _Traits=std::char_traits<char>
                 ]
                 c:\program files (x86)\microsoft visual studio 10.0\vc\include\ostream(226): 또는       'std::basic_ostream<_Elem,_Traits> &std::basic_ostream<_Elem,_Traits>::operator <<(short)'
                 with
                 [
                     _Elem=char,
                     _Traits=std::char_traits<char>
                 ]
                 c:\program files (x86)\microsoft visual studio 10.0\vc\include\ostream(260): 또는       'std::basic_ostream<_Elem,_Traits> &std::basic_ostream<_Elem,_Traits>::operator <<(unsigned short)'
                 with
                 [
                     _Elem=char,
                     _Traits=std::char_traits<char>
                 ]
                 c:\program files (x86)\microsoft visual studio 10.0\vc\include\ostream(280): 또는       'std::basic_ostream<_Elem,_Traits> &std::basic_ostream<_Elem,_Traits>::operator <<(int)'
                 with
                 [
                     _Elem=char,
                     _Traits=std::char_traits<char>
                 ]
                 c:\program files (x86)\microsoft visual studio 10.0\vc\include\ostream(305): 또는       'std::basic_ostream<_Elem,_Traits> &std::basic_ostream<_Elem,_Traits>::operator <<(unsigned int)'
                 with
                 [
                     _Elem=char,
                     _Traits=std::char_traits<char>
                 ]
                 c:\program files (x86)\microsoft visual studio 10.0\vc\include\ostream(325): 또는       'std::basic_ostream<_Elem,_Traits> &std::basic_ostream<_Elem,_Traits>::operator <<(long)'
                 with
                 [
                     _Elem=char,
                     _Traits=std::char_traits<char>
                 ]
                 c:\program files (x86)\microsoft visual studio 10.0\vc\include\ostream(345): 또는       'std::basic_ostream<_Elem,_Traits> &std::basic_ostream<_Elem,_Traits>::operator <<(unsigned long)'
                 with
                 [
                     _Elem=char,
                     _Traits=std::char_traits<char>
                 ]
                 c:\program files (x86)\microsoft visual studio 10.0\vc\include\ostream(366): 또는       'std::basic_ostream<_Elem,_Traits> &std::basic_ostream<_Elem,_Traits>::operator <<(__int64)'
                 with
                 [
                     _Elem=char,
                     _Traits=std::char_traits<char>
                 ]
                 c:\program files (x86)\microsoft visual studio 10.0\vc\include\ostream(386): 또는       'std::basic_ostream<_Elem,_Traits> &std::basic_ostream<_Elem,_Traits>::operator <<(unsigned __int64)'
                 with
                 [
                     _Elem=char,
                     _Traits=std::char_traits<char>
                 ]
                 c:\program files (x86)\microsoft visual studio 10.0\vc\include\ostream(407): 또는       'std::basic_ostream<_Elem,_Traits> &std::basic_ostream<_Elem,_Traits>::operator <<(float)'
                 with
                 [
                     _Elem=char,
                     _Traits=std::char_traits<char>
                 ]
                 c:\program files (x86)\microsoft visual studio 10.0\vc\include\ostream(427): 또는       'std::basic_ostream<_Elem,_Traits> &std::basic_ostream<_Elem,_Traits>::operator <<(double)'
                 with
                 [
                     _Elem=char,
                     _Traits=std::char_traits<char>
                 ]
                 c:\program files (x86)\microsoft visual studio 10.0\vc\include\ostream(447): 또는       'std::basic_ostream<_Elem,_Traits> &std::basic_ostream<_Elem,_Traits>::operator <<(long double)'
                 with
                 [
                     _Elem=char,
                     _Traits=std::char_traits<char>
                 ]
                 c:\program files (x86)\microsoft visual studio 10.0\vc\include\ostream(467): 또는       'std::basic_ostream<_Elem,_Traits> &std::basic_ostream<_Elem,_Traits>::operator <<(const void *)'
                 with
                 [
                     _Elem=char,
                     _Traits=std::char_traits<char>
                 ]
                 c:\program files (x86)\microsoft visual studio 10.0\vc\include\ostream(487): 또는       'std::basic_ostream<_Elem,_Traits> &std::basic_ostream<_Elem,_Traits>::operator <<(std::basic_streambuf<_Elem,_Traits> *)'
                 with
                 [
                     _Elem=char,
                     _Traits=std::char_traits<char>
                 ]
                 인수 목록 '(std::ostream, std::string)'을(를) 일치시키는 동안
     1>c:\users\juny\documents\visual studio 2010\projects\week2\week1\day2_3_stringtest.cpp(65): error C2678: 이항 '==' : 왼쪽 피연산자로 'std::string' 형식을 사용하는 연산자가 없거나 허용되는 변환이 없습니다.
                 c:\program files (x86)\microsoft visual studio 10.0\vc\include\exception(470): 'bool std::operator ==(const std::_Exception_ptr &,const std::_Exception_ptr &)'일 수 있습니다.
                 c:\program files (x86)\microsoft visual studio 10.0\vc\include\exception(475): 또는       'bool std::operator ==(std::_Null_type,const std::_Exception_ptr &)'
                 c:\program files (x86)\microsoft visual studio 10.0\vc\include\exception(481): 또는       'bool std::operator ==(const std::_Exception_ptr &,std::_Null_type)'
                 c:\program files (x86)\microsoft visual studio 10.0\vc\include\system_error(408): 또는       'bool std::operator ==(const std::error_code &,const std::error_condition &)'
                 c:\program files (x86)\microsoft visual studio 10.0\vc\include\system_error(416): 또는       'bool std::operator ==(const std::error_condition &,const std::error_code &)'
                 인수 목록 '(std::string, std::string)'을(를) 일치시키는 동안
         Day2_2_cout.cpp
         Day2_1_using_printf.cpp
         코드를 생성하고 있습니다...
     1>"C:\Users\JunY\Documents\Visual Studio 2010\Projects\Week2\Week1\Week1.vcxproj" 프로젝트를 빌드했습니다(build 대상). - 실패

빌드하지 못했습니다.

경과 시간: 00:00:02.31
